dataplugs/build/outputs/logs/manifest-merger-debug-report.txt
-- Merging decision tree log ---
manifest
ADDED from src\main\AndroidManifest.xml:1:1-27:12
INJECTED from src\main\AndroidManifest.xml:1:1-27:12
INJECTED from src\main\AndroidManifest.xml:1:1-27:12
INJECTED from src\main\AndroidManifest.xml:1:1-27:12
INJECTED from src\main\AndroidManifest.xml:1:1-27:12
INJECTED from src\main\AndroidManifest.xml:1:1-27:12
INJECTED from src\main\AndroidManifest.xml:1:1-27:12
	package
		ADDED from src\main\AndroidManifest.xml:2:11-49
		INJECTED from src\main\AndroidManifest.xml
		INJECTED from src\main\AndroidManifest.xml
	android:versionName
		INJECTED from src\main\AndroidManifest.xml
		ADDED from src\main\AndroidManifest.xml:1:1-27:12
		INJECTED from src\main\AndroidManifest.xml
	android:versionCode
		INJECTED from src\main\AndroidManifest.xml
		ADDED from src\main\AndroidManifest.xml:1:1-27:12
		INJECTED from src\main\AndroidManifest.xml
	xmlns:android
		ADDED from src\main\AndroidManifest.xml:1:11-69
uses-permission#android.permission.ACCESS_NETWORK_STATE
ADDED from src\main\AndroidManifest.xml:3:5-78
	android:name
		ADDED from src\main\AndroidManifest.xml:3:22-76
application
ADDED from src\main\AndroidManifest.xml:4:5-26:19
activity#com.hubofallthings.dataplugs.activity.BaseActivity
ADDED from src\main\AndroidManifest.xml:5:9-7:57
	android:screenOrientation
		ADDED from src\main\AndroidManifest.xml:7:19-55
	android:configChanges
		ADDED from src\main\AndroidManifest.xml:6:19-54
	android:name
		ADDED from src\main\AndroidManifest.xml:5:19-56
activity#com.hubofallthings.dataplugs.activity.DataPlugsActivity
ADDED from src\main\AndroidManifest.xml:8:9-10:57
	android:screenOrientation
		ADDED from src\main\AndroidManifest.xml:10:19-55
	android:configChanges
		ADDED from src\main\AndroidManifest.xml:9:19-54
	android:name
		ADDED from src\main\AndroidManifest.xml:8:19-61
activity#com.hubofallthings.dataplugs.activity.AppInfoActivity
ADDED from src\main\AndroidManifest.xml:11:9-13:57
	android:screenOrientation
		ADDED from src\main\AndroidManifest.xml:13:19-55
	android:configChanges
		ADDED from src\main\AndroidManifest.xml:12:19-54
	android:name
		ADDED from src\main\AndroidManifest.xml:11:19-59
activity#com.hubofallthings.dataplugs.activity.DataPreviewActivity
ADDED from src\main\AndroidManifest.xml:14:9-16:57
	android:screenOrientation
		ADDED from src\main\AndroidManifest.xml:16:19-55
	android:configChanges
		ADDED from src\main\AndroidManifest.xml:15:19-54
	android:name
		ADDED from src\main\AndroidManifest.xml:14:19-63
activity#com.hubofallthings.dataplugs.activity.WebviewActivity
ADDED from src\main\AndroidManifest.xml:17:9-19:57
	android:screenOrientation
		ADDED from src\main\AndroidManifest.xml:19:19-55
	android:configChanges
		ADDED from src\main\AndroidManifest.xml:18:19-54
	android:name
		ADDED from src\main\AndroidManifest.xml:17:19-59
activity#com.hubofallthings.dataplugs.activity.ImagePreviewActivity
ADDED from src\main\AndroidManifest.xml:20:9-22:57
	android:screenOrientation
		ADDED from src\main\AndroidManifest.xml:22:19-55
	android:configChanges
		ADDED from src\main\AndroidManifest.xml:21:19-54
	android:name
		ADDED from src\main\AndroidManifest.xml:20:19-64
activity#com.hubofallthings.dataplugs.activity.PermissionsDataPlugs
ADDED from src\main\AndroidManifest.xml:23:9-25:57
	android:screenOrientation
		ADDED from src\main\AndroidManifest.xml:25:19-55
	android:configChanges
		ADDED from src\main\AndroidManifest.xml:24:19-54
	android:name
		ADDED from src\main\AndroidManifest.xml:23:19-64
uses-sdk
INJECTED from src\main\AndroidManifest.xml reason: use-sdk injection requested
INJECTED from src\main\AndroidManifest.xml
INJECTED from src\main\AndroidManifest.xml
INJECTED from src\main\AndroidManifest.xml
INJECTED from src\main\AndroidManifest.xml
	android:targetSdkVersion
		INJECTED from src\main\AndroidManifest.xml
		ADDED from src\main\AndroidManifest.xml
		INJECTED from src\main\AndroidManifest.xml
	android:minSdkVersion
		INJECTED from src\main\AndroidManifest.xml
		ADDED from src\main\AndroidManifest.xml
		INJECTED from src\main\AndroidManifest.xml